<?xml version="1.0" encoding="UTF-8"?>
<testsuite xmlns:xsi="http://www.w3.org/2001/XMLSchema-instance" xsi:noNamespaceSchemaLocation="https://maven.apache.org/surefire/maven-surefire-plugin/xsd/surefire-test-report-3.0.xsd" version="3.0" name="com.amazonclone.Amazon_Backend.AmazonBackendApplicationTests" time="32.032" tests="1" errors="0" skipped="0" failures="0">
  <properties>
[...]
</properties>
  <testcase name="contextLoads" classname="com.amazonclone.Amazon_Backend.AmazonBackendApplicationTests" time="0.684">
    <system-out><![CDATA[11:57:16.727 [main] INFO org.springframework.test.context.support.AnnotationConfigContextLoaderUtils -- Could not detect default configuration classes for test class [com.amazonclone.Amazon_Backend.AmazonBackendApplicationTests]: AmazonBackendApplicationTests does not declare any static, non-private, non-final, nested classes annotated with @Configuration.
11:57:16.836 [main] INFO org.springframework.boot.test.context.SpringBootTestContextBootstrapper -- Found @SpringBootConfiguration com.amazonclone.Amazon_Backend.AmazonBackendApplication for test class com.amazonclone.Amazon_Backend.AmazonBackendApplicationTests

  .   ____          _            __ _ _
 /\\ / ___'_ __ _ _(_)_ __  __ _ \ \ \ \
( ( )\___ | '_ | '_| | '_ \/ _` | \ \ \ \
 \\/  ___)| |_)| | | | | || (_| |  ) ) ) )
  '  |____| .__|_| |_|_| |_\__, | / / / /
 =========|_|==============|___/=/_/_/_/
 :: Spring Boot ::                (v3.1.3)

2023-09-06T11:57:17.273+05:30  INFO 1328 --- [           main] c.a.A.AmazonBackendApplicationTests      : Starting AmazonBackendApplicationTests using Java 19.0.2 with PID 1328 (started by vivek in C:\Users\vivek\OneDrive\Desktop\Amazon-Backend\Amazon-Backend)
2023-09-06T11:57:17.274+05:30  INFO 1328 --- [           main] c.a.A.AmazonBackendApplicationTests      : No active profile set, falling back to 1 default profile: "default"
2023-09-06T11:57:18.445+05:30  INFO 1328 --- [           main] .s.d.r.c.RepositoryConfigurationDelegate : Bootstrapping Spring Data JPA repositories in DEFAULT mode.
2023-09-06T11:57:18.550+05:30  INFO 1328 --- [           main] .s.d.r.c.RepositoryConfigurationDelegate : Finished Spring Data repository scanning in 94 ms. Found 10 JPA repository interfaces.
2023-09-06T11:57:19.342+05:30  INFO 1328 --- [           main] o.hibernate.jpa.internal.util.LogHelper  : HHH000204: Processing PersistenceUnitInfo [name: default]
2023-09-06T11:57:19.433+05:30  INFO 1328 --- [           main] org.hibernate.Version                    : HHH000412: Hibernate ORM core version 6.2.7.Final
2023-09-06T11:57:19.436+05:30  INFO 1328 --- [           main] org.hibernate.cfg.Environment            : HHH000406: Using bytecode reflection optimizer
2023-09-06T11:57:19.774+05:30  INFO 1328 --- [           main] o.h.b.i.BytecodeProviderInitiator        : HHH000021: Bytecode provider name : bytebuddy
2023-09-06T11:57:20.077+05:30  INFO 1328 --- [           main] o.s.o.j.p.SpringPersistenceUnitInfo      : No LoadTimeWeaver setup: ignoring JPA class transformer
2023-09-06T11:57:20.112+05:30  INFO 1328 --- [           main] com.zaxxer.hikari.HikariDataSource       : HikariPool-1 - Starting...
2023-09-06T11:57:23.944+05:30  INFO 1328 --- [           main] com.zaxxer.hikari.pool.HikariPool        : HikariPool-1 - Added connection com.mysql.cj.jdbc.ConnectionImpl@24fc2c80
2023-09-06T11:57:23.945+05:30  INFO 1328 --- [           main] com.zaxxer.hikari.HikariDataSource       : HikariPool-1 - Start completed.
2023-09-06T11:57:24.268+05:30  WARN 1328 --- [           main] org.hibernate.orm.deprecation            : HHH90000026: MySQL8Dialect has been deprecated; use org.hibernate.dialect.MySQLDialect instead
2023-09-06T11:57:24.586+05:30  INFO 1328 --- [           main] o.h.b.i.BytecodeProviderInitiator        : HHH000021: Bytecode provider name : bytebuddy
2023-09-06T11:57:25.583+05:30  INFO 1328 --- [           main] o.h.e.t.j.p.i.JtaPlatformInitiator       : HHH000490: Using JtaPlatform implementation: [org.hibernate.engine.transaction.jta.platform.internal.NoJtaPlatform]
Hibernate: alter table cart_items modify column discount  float(53) not null
Hibernate: alter table cart_items modify column product_price  float(53) not null
Hibernate: alter table carts modify column total_price  float(53)
Hibernate: alter table order_items modify column discount  float(53) not null
Hibernate: alter table order_items modify column ordered_product_price  float(53) not null
Hibernate: alter table orders modify column total_amount  float(53)
Hibernate: alter table products modify column discount  float(53) not null
Hibernate: alter table products modify column price  float(53) not null
Hibernate: alter table products modify column special_price  float(53) not null
2023-09-06T11:57:39.680+05:30  INFO 1328 --- [           main] j.LocalContainerEntityManagerFactoryBean : Initialized JPA EntityManagerFactory for persistence unit 'default'
2023-09-06T11:57:40.194+05:30  INFO 1328 --- [           main] o.s.d.j.r.query.QueryEnhancerFactory     : Hibernate is in classpath; If applicable, HQL parser will be used.
2023-09-06T11:57:41.563+05:30  INFO 1328 --- [           main] o.s.s.web.DefaultSecurityFilterChain     : Will secure any request with [org.springframework.security.web.session.DisableEncodeUrlFilter@2ca93dee, org.springframework.security.web.context.request.async.WebAsyncManagerIntegrationFilter@430abcad, org.springframework.security.web.context.SecurityContextHolderFilter@693f9ab5, org.springframework.security.web.header.HeaderWriterFilter@3520d2db, org.springframework.security.web.authentication.logout.LogoutFilter@4f9871a2, com.amazonclone.Amazon_Backend.config.JWTFilter@4b05a9b1, org.springframework.security.web.savedrequest.RequestCacheAwareFilter@373e09c7, org.springframework.security.web.servletapi.SecurityContextHolderAwareRequestFilter@3f04847e, org.springframework.security.web.authentication.AnonymousAuthenticationFilter@373e3dac, org.springframework.security.web.session.SessionManagementFilter@491afa9b, org.springframework.security.web.access.ExceptionTranslationFilter@2b01bb54, org.springframework.security.web.access.intercept.AuthorizationFilter@e8c381e]
2023-09-06T11:57:44.244+05:30  INFO 1328 --- [           main] c.a.A.AmazonBackendApplicationTests      : Started AmazonBackendApplicationTests in 27.241 seconds (process running for 28.326)
Hibernate: select r1_0.role_id,r1_0.role_name from roles r1_0 where r1_0.role_id=?
Hibernate: select r1_0.role_id,r1_0.role_name from roles r1_0 where r1_0.role_id=?
Hibernate: select u1_0.user_id,u1_0.email,u1_0.first_name,u1_0.last_name,u1_0.middle_name,u1_0.mobile_number,u1_0.password from users u1_0
Hibernate: select c1_0.cart_id,c1_0.total_price,u1_0.user_id,u1_0.email,u1_0.first_name,u1_0.last_name,u1_0.middle_name,u1_0.mobile_number,u1_0.password,r1_0.user_id,r1_1.role_id,r1_1.role_name from carts c1_0 left join users u1_0 on u1_0.user_id=c1_0.user_id left join (user_role r1_0 join roles r1_1 on r1_1.role_id=r1_0.role_id) on u1_0.user_id=r1_0.user_id where c1_0.user_id=?
Hibernate: select r1_0.user_id,r1_1.role_id,r1_1.role_name from user_role r1_0 join roles r1_1 on r1_1.role_id=r1_0.role_id where r1_0.user_id=?
]]></system-out>
  </testcase>
</testsuite>